2025-07-09 06:30:50,666 - INFO - Parsing and analyzing fasta file:
2025-07-09 07:53:32,707 - INFO - Parsing and analyzing fasta file:
2025-07-09 07:55:34,184 - INFO - Parsing and analyzing fasta file:
2025-07-09 07:55:34,231 - INFO - Features extracted succesfully. dataframe:
2025-07-09 07:55:34,231 - INFO - Assigning labels:
2025-07-09 07:56:29,481 - INFO - Parsing and analyzing fasta file:
2025-07-09 07:56:29,537 - INFO - Features extracted succesfully. dataframe:
2025-07-09 07:56:29,537 - INFO - Assigning labels:
2025-07-09 08:01:20,168 - INFO - Parsing and analyzing FASTA file...
2025-07-09 08:01:20,253 - INFO - Features extracted successfully. Assigning labels...
2025-07-09 08:01:20,288 - INFO - Running classification model...
2025-07-09 08:01:20,392 - INFO - Model: RandomForestClassifier(random_state=42)
2025-07-09 08:01:20,392 - INFO - Accuracy: 0.7
2025-07-09 08:01:20,392 - INFO - Classification Report:
              precision    recall  f1-score   support

           0       0.50      1.00      0.67         3
           1       1.00      0.75      0.86         4
           2       1.00      0.33      0.50         3

    accuracy                           0.70        10
   macro avg       0.83      0.69      0.67        10
weighted avg       0.85      0.70      0.69        10

2025-07-09 08:01:20,392 - INFO - Confusion Matrix:
[[3 0 0]
 [1 3 0]
 [2 0 1]]
2025-07-09 08:01:20,392 - INFO - MAE: 0.5
2025-07-09 08:01:20,392 - INFO - MSE: 0.9
2025-07-09 08:01:20,392 - INFO - RMSE: 0.9486832980505138
2025-07-09 08:01:20,392 - INFO - R2: None
2025-07-09 08:01:20,392 - INFO - Adjusted R2: None
